<?xml version="1.0" encoding="UTF-8"?>
<!-- Generated by org.testng.reporters.JUnitReportReporter -->
<testsuite hostname="MWDH-Work2" failures="0" tests="1" name="Ass4WebElement.chromWebDriver" time="6.411" errors="0" timestamp="2022-07-24T01:57:59 AST" skipped="0">
  <testcase classname="Ass4WebElement.chromWebDriver" name="chrom" time="6.411"/>
  <system-out/>
</testsuite> <!-- Ass4WebElement.chromWebDriver -->
